<?xml version="1.0" encoding="UTF-8"?>
<coverage generated="1682531242">
  <project timestamp="1682531242">
    <file name="/app/src/SpecificCountryVatNumberFormatValidatorsConfig.php">
      <class name="rocketfellows\SpecificCountryVatNumberFormatValidatorsConfig\SpecificCountryVatNumberFormatValidatorsConfig" namespace="global">
        <metrics complexity="6" methods="3" coveredmethods="3" conditionals="0" coveredconditionals="0" statements="10" coveredstatements="10" elements="13" coveredelements="13"/>
      </class>
      <line num="14" type="method" name="__construct" visibility="public" complexity="1" crap="1" count="11"/>
      <line num="18" type="stmt" count="11"/>
      <line num="24" type="method" name="getValidators" visibility="public" complexity="1" crap="1" count="10"/>
      <line num="26" type="stmt" count="10"/>
      <line num="29" type="method" name="assembleValidators" visibility="private" complexity="4" crap="4" count="11"/>
      <line num="34" type="stmt" count="11"/>
      <line num="36" type="stmt" count="11"/>
      <line num="37" type="stmt" count="5"/>
      <line num="39" type="stmt" count="6"/>
      <line num="42" type="stmt" count="11"/>
      <line num="43" type="stmt" count="7"/>
      <line num="44" type="stmt" count="5"/>
      <line num="48" type="stmt" count="11"/>
      <metrics loc="51" ncloc="50" classes="1" methods="3" coveredmethods="3" conditionals="0" coveredconditionals="0" statements="10" coveredstatements="10" elements="13" coveredelements="13"/>
    </file>
    <metrics files="1" loc="51" ncloc="50" classes="1" methods="3" coveredmethods="3" conditionals="0" coveredconditionals="0" statements="10" coveredstatements="10" elements="13" coveredelements="13"/>
  </project>
</coverage>
